	Exporter version: 4.6.1, Blender version: 2.79 (sub 0)
========= Conversion from Blender to Babylon.js =========
	Scene settings used:
		selected layers only:  false
		flat shading entire scene:  false
		inline textures:  false
		texture directory:  D:\ENGINES\babilon\nuevo\sample (2)\
	Python World class constructor completed
	WARNING: No active camera has been assigned, or is not in a currently selected Blender layer
	processing begun of mesh:  Text.000
		processing begun of Standard material:  Material.007
		processing begun of Standard material:  Material.005
		processing begun of Standard material:  Material.004
		processing begun of Standard material:  timetawh
		processing begun of Standard material:  timeta2c
		processing begun of Standard material:  timeta1c
		processing begun of Standard material:  tiwood1c
			Diffuse texture found "Diffuse"
				Image texture found, type:  diffuseTexture, mapped using: "UVMap"
		processing begun of Standard material:  titcrist
		processing begun of Standard material:  timetalgr
		processing begun of Standard material:  tigraygr
		processing begun of Standard material:  tigold
		processing begun of Standard material:  tisuelow
			Diffuse texture found "Diffuse.001"
				Image texture found, type:  diffuseTexture, mapped using: "UVMap"
			Bump texture found "Bump"
				Image texture found, type:  bumpTexture, mapped using: "UVMap"
		processing begun of Standard material:  ticanto
		processing begun of Standard material:  titechow
			Bump texture found "Bump.001"
				Image texture found, type:  bumpTexture, mapped using: "UVMap"
		processing begun of Standard material:  titecant
			Diffuse texture found "Diffuse.002"
				Image texture found, type:  diffuseTexture, mapped using: "UVMap"
		processing begun of Standard material:  titechdo
			Bump texture found "Bump.002"
				Image texture found, type:  bumpTexture, mapped using: "UVMap"
		processing begun of Standard material:  tisuelup
			Diffuse texture found "Diffuse.003"
				Image texture found, type:  diffuseTexture, mapped using: "UVMap"
			Bump texture found "Bump.003"
				Image texture found, type:  bumpTexture, mapped using: "UVMap"
		processing begun of Standard material:  tigrey
		processing begun of Standard material:  tiwhite1
		processing begun of Standard material:  tibasech
		processing begun of Standard material:  tisilver
		processing begun of Standard material:  ticrissi
		processing begun of Standard material:  timetalR
		processing begun of Standard material:  tilight2
		processing begun of Standard material:  timetalR1
		processing begun of Standard material:  tilight1
		processing begun of Standard material:  tilona
		processing begun of Standard material:  timetabr
		processing begun of Standard material:  timetalbl
		processing begun of Standard material:  tiwooddo
		processing begun of Standard material:  tiwoodt
			Diffuse texture found "Diffuse.004"
				Image texture found, type:  diffuseTexture, mapped using: "UVMap"
		processing begun of Standard material:  tigoldt
		processing begun of Standard material:  tipared
		processing begun of Standard material:  timarco
			Diffuse texture found "Diffuse.005"
				Image texture found, type:  diffuseTexture, mapped using: "UVMap"
		processing begun of Standard material:  tiside1
			Diffuse texture found "Diffuse.006"
				Image texture found, type:  diffuseTexture, mapped using: "UVMap"
			Bump texture found "Bump.004"
				Image texture found, type:  bumpTexture, mapped using: "UVMap"
		processing begun of Standard material:  tiside2
			Bump texture found "Bump.005"
				Image texture found, type:  bumpTexture, mapped using: "UVMap"
		processing begun of Standard material:  tiwoodba
			Bump texture found "Bump.006"
				Image texture found, type:  bumpTexture, mapped using: "UVMap"
		processing begun of Standard material:  tiwire
		processing begun of Standard material:  tibrown
		processing begun of Standard material:  tigreyto
		processing begun of Standard material:  tiwhitet
		processing begun of Standard material:  tiwootor
			Diffuse texture found "Diffuse.007"
				Image texture found, type:  diffuseTexture, mapped using: "UVMap"
		processing begun of Standard material:  tiparwoo
		processing begun of Standard material:  timarco1
			Diffuse texture found "Diffuse.008"
				Image texture found, type:  diffuseTexture, mapped using: "UVMap"
		processing begun of Standard material:  timetalw
		processing begun of Standard material:  tibumpre
			Diffuse texture found "Diffuse.009"
				Image texture found, type:  diffuseTexture, mapped using: "UVMap"
			Opacity texture found "Opacity"
				Image texture found, type:  opacityTexture, mapped using: "UVMap"
			Bump texture found "Bump.007"
				Image texture found, type:  bumpTexture, mapped using: "UVMap"
		processing begun of Standard material:  tiboatri
			Diffuse texture found "Diffuse.010"
				Image texture found, type:  diffuseTexture, mapped using: "UVMap"
			Bump texture found "Bump.008"
				Image texture found, type:  bumpTexture, mapped using: "UVMap"
		processing begun of Standard material:  tiboatle
			Diffuse texture found "Diffuse.011"
				Image texture found, type:  diffuseTexture, mapped using: "UVMap"
			Bump texture found "Bump.009"
				Image texture found, type:  bumpTexture, mapped using: "UVMap"
		processing begun of Standard material:  timetalc
		processing begun of Standard material:  tiwood2
			Diffuse texture found "Diffuse.012"
				Image texture found, type:  diffuseTexture, mapped using: "UVMap"
		processing begun of Standard material:  tireji
			Opacity texture found "Opacity.001"
				Image texture found, type:  opacityTexture, mapped using: "UVMap"
		processing begun of Standard material:  ticompas
			Diffuse texture found "Diffuse.013"
				Image texture found, type:  diffuseTexture, mapped using: "UVMap"
		processing begun of Standard material:  ticupula
			Opacity texture found "Opacity.002"
				Image texture found, type:  opacityTexture, mapped using: "UVMap"
		processing begun of Standard material:  tiflag1
			Diffuse texture found "Diffuse.014"
				Image texture found, type:  diffuseTexture, mapped using: "UVMap"
		processing begun of Standard material:  tiflag3
			Diffuse texture found "Diffuse.015"
				Image texture found, type:  diffuseTexture, mapped using: "UVMap"
		processing begun of Standard material:  tiflag2
			Diffuse texture found "Diffuse.016"
				Image texture found, type:  diffuseTexture, mapped using: "UVMap"
		processing begun of Standard material:  tifuyel
		processing begun of Standard material:  tifublac
		processing begun of Standard material:  tipuert
		processing begun of Standard material:  Material.003
		processing begun of Standard material:  Material.001
			Diffuse texture found "Texture"
				Image texture found, type:  diffuseTexture, mapped using: "UVMap"
		processing begun of Standard material:  timetawh.003
		processing begun of Standard material:  timeta2c.003
		processing begun of Standard material:  timeta1c.003
		processing begun of Standard material:  tiwood1c.003
			Diffuse texture found "Diffuse.051"
				Image texture found, type:  diffuseTexture, mapped using: "UVMap"
	WARNING: Error encountered processing image file:  , Error:  [Errno 13] Permission denied: 'F:\\fbx\\titanic\\TITANIC\\TIWOOD.JPG'
		processing begun of Standard material:  titcrist.003
		processing begun of Standard material:  timetalgr.003
		processing begun of Standard material:  tigraygr.003
		processing begun of Standard material:  tigold.003
		processing begun of Standard material:  tisuelow.003
			Diffuse texture found "Diffuse.052"
				Image texture found, type:  diffuseTexture, mapped using: "UVMap"
	WARNING: Error encountered processing image file:  , Error:  [Errno 13] Permission denied: 'F:\\fbx\\titanic\\TITANIC\\TIWOODS.JPG'
			Bump texture found "Bump.030"
				Image texture found, type:  bumpTexture, mapped using: "UVMap"
	WARNING: Error encountered processing image file:  , Error:  [Errno 13] Permission denied: 'F:\\fbx\\titanic\\TITANIC\\TIBUMP3.JPG'
		processing begun of Standard material:  ticanto.003
		processing begun of Standard material:  titechow.003
			Bump texture found "Bump.031"
				Image texture found, type:  bumpTexture, mapped using: "UVMap"
	WARNING: Error encountered processing image file:  , Error:  [Errno 13] Permission denied: 'F:\\fbx\\titanic\\TITANIC\\TILINE.JPG'
		processing begun of Standard material:  titecant.003
			Diffuse texture found "Diffuse.053"
				Image texture found, type:  diffuseTexture, mapped using: "UVMap"
	WARNING: Error encountered processing image file:  , Error:  [Errno 13] Permission denied: 'F:\\fbx\\titanic\\TITANIC\\TIWOODS.JPG'
		processing begun of Standard material:  titechdo.003
			Bump texture found "Bump.032"
				Image texture found, type:  bumpTexture, mapped using: "UVMap"
	WARNING: Error encountered processing image file:  , Error:  [Errno 13] Permission denied: 'F:\\fbx\\titanic\\TITANIC\\TILINE.JPG'
		processing begun of Standard material:  tisuelup.003
			Diffuse texture found "Diffuse.054"
				Image texture found, type:  diffuseTexture, mapped using: "UVMap"
	WARNING: Error encountered processing image file:  , Error:  [Errno 13] Permission denied: 'F:\\fbx\\titanic\\TITANIC\\TIWOODS.JPG'
			Bump texture found "Bump.033"
				Image texture found, type:  bumpTexture, mapped using: "UVMap"
	WARNING: Error encountered processing image file:  , Error:  [Errno 13] Permission denied: 'F:\\fbx\\titanic\\TITANIC\\TIBUMP3.JPG'
		processing begun of Standard material:  tigrey.003
		processing begun of Standard material:  tiwhite1.003
		processing begun of Standard material:  tibasech.003
		processing begun of Standard material:  tisilver.003
		processing begun of Standard material:  ticrissi.003
		processing begun of Standard material:  timetalR.003
		processing begun of Standard material:  tilight2.003
		processing begun of Standard material:  timetalR1.003
		processing begun of Standard material:  tilight1.003
		processing begun of Standard material:  tilona.003
		processing begun of Standard material:  timetabr.003
		processing begun of Standard material:  timetalbl.003
		processing begun of Standard material:  tiwooddo.003
		processing begun of Standard material:  tiwoodt.003
			Diffuse texture found "Diffuse.055"
				Image texture found, type:  diffuseTexture, mapped using: "UVMap"
	WARNING: Error encountered processing image file:  , Error:  [Errno 13] Permission denied: 'F:\\fbx\\titanic\\TITANIC\\TIWOOD.JPG'
		processing begun of Standard material:  tigoldt.003
		processing begun of Standard material:  tipared.003
		processing begun of Standard material:  timarco.003
			Diffuse texture found "Diffuse.056"
				Image texture found, type:  diffuseTexture, mapped using: "UVMap"
	WARNING: Error encountered processing image file:  , Error:  [Errno 13] Permission denied: 'F:\\fbx\\titanic\\TITANIC\\OAKQRTRT.TGA'
		processing begun of Standard material:  tiside1.003
			Diffuse texture found "Diffuse.057"
				Image texture found, type:  diffuseTexture, mapped using: "UVMap"
	WARNING: Error encountered processing image file:  , Error:  [Errno 13] Permission denied: 'F:\\fbx\\titanic\\TITANIC\\TISIDE1.JPG'
			Bump texture found "Bump.034"
				Image texture found, type:  bumpTexture, mapped using: "UVMap"
	WARNING: Error encountered processing image file:  , Error:  [Errno 13] Permission denied: 'F:\\fbx\\titanic\\TITANIC\\TIBUMP.JPG'
		processing begun of Standard material:  tiside2.003
			Bump texture found "Bump.035"
				Image texture found, type:  bumpTexture, mapped using: "UVMap"
	WARNING: Error encountered processing image file:  , Error:  [Errno 13] Permission denied: 'F:\\fbx\\titanic\\TITANIC\\TIBUMP.JPG'
		processing begun of Standard material:  tiwoodba.003
			Bump texture found "Bump.036"
				Image texture found, type:  bumpTexture, mapped using: "UVMap"
	WARNING: Error encountered processing image file:  , Error:  [Errno 13] Permission denied: 'F:\\fbx\\titanic\\TITANIC\\TILINEBA.JPG'
		processing begun of Standard material:  tiwire.003
		processing begun of Standard material:  tibrown.003
		processing begun of Standard material:  tigreyto.003
		processing begun of Standard material:  tiwhitet.003
		processing begun of Standard material:  tiwootor.003
			Diffuse texture found "Diffuse.058"
				Image texture found, type:  diffuseTexture, mapped using: "UVMap"
	WARNING: Error encountered processing image file:  , Error:  [Errno 13] Permission denied: 'F:\\fbx\\titanic\\TITANIC\\TIWOOD.JPG'
		processing begun of Standard material:  tiparwoo.003
		processing begun of Standard material:  timarco1.003
			Diffuse texture found "Diffuse.059"
				Image texture found, type:  diffuseTexture, mapped using: "UVMap"
	WARNING: Error encountered processing image file:  , Error:  [Errno 13] Permission denied: 'F:\\fbx\\titanic\\TITANIC\\OLDWOOD.JPG'
		processing begun of Standard material:  timetalw.003
		processing begun of Standard material:  tibumpre.003
			Diffuse texture found "Diffuse.060"
				Image texture found, type:  diffuseTexture, mapped using: "UVMap"
	WARNING: Error encountered processing image file:  , Error:  [Errno 13] Permission denied: 'F:\\fbx\\titanic\\TITANIC\\TIBUMP2.JPG'
			Opacity texture found "Opacity.009"
				Image texture found, type:  opacityTexture, mapped using: "UVMap"
	WARNING: Error encountered processing image file:  , Error:  [Errno 13] Permission denied: 'F:\\fbx\\titanic\\TITANIC\\TIBUMP2.JPG'
			Bump texture found "Bump.037"
				Image texture found, type:  bumpTexture, mapped using: "UVMap"
	WARNING: Error encountered processing image file:  , Error:  [Errno 13] Permission denied: 'F:\\fbx\\titanic\\TITANIC\\TIBUMP2.JPG'
		processing begun of Standard material:  tiboatri.003
			Diffuse texture found "Diffuse.061"
				Image texture found, type:  diffuseTexture, mapped using: "UVMap"
	WARNING: Error encountered processing image file:  , Error:  [Errno 13] Permission denied: 'F:\\fbx\\titanic\\TITANIC\\TIBOATBU.JPG'
			Bump texture found "Bump.038"
				Image texture found, type:  bumpTexture, mapped using: "UVMap"
	WARNING: Error encountered processing image file:  , Error:  [Errno 13] Permission denied: 'F:\\fbx\\titanic\\TITANIC\\TIBOATBU.JPG'
		processing begun of Standard material:  tiboatle.003
			Diffuse texture found "Diffuse.062"
				Image texture found, type:  diffuseTexture, mapped using: "UVMap"
	WARNING: Error encountered processing image file:  , Error:  [Errno 13] Permission denied: 'F:\\fbx\\titanic\\TITANIC\\TIBOATBU.JPG'
			Bump texture found "Bump.039"
				Image texture found, type:  bumpTexture, mapped using: "UVMap"
	WARNING: Error encountered processing image file:  , Error:  [Errno 13] Permission denied: 'F:\\fbx\\titanic\\TITANIC\\TIBOATBU.JPG'
		processing begun of Standard material:  timetalc.003
		processing begun of Standard material:  tiwood2.003
			Diffuse texture found "Diffuse.063"
				Image texture found, type:  diffuseTexture, mapped using: "UVMap"
	WARNING: Error encountered processing image file:  , Error:  [Errno 13] Permission denied: 'F:\\fbx\\titanic\\TITANIC\\OAKQRTRT.TGA'
		processing begun of Standard material:  tireji.003
			Opacity texture found "Opacity.010"
				Image texture found, type:  opacityTexture, mapped using: "UVMap"
	WARNING: Error encountered processing image file:  , Error:  [Errno 13] Permission denied: 'F:\\fbx\\titanic\\TITANIC\\TIOPACHA.JPG'
		processing begun of Standard material:  ticompas.003
			Diffuse texture found "Diffuse.064"
				Image texture found, type:  diffuseTexture, mapped using: "UVMap"
	WARNING: Error encountered processing image file:  , Error:  [Errno 13] Permission denied: 'F:\\fbx\\titanic\\TITANIC\\TICOMPAS.JPG'
		processing begun of Standard material:  ticupula.003
			Opacity texture found "Opacity.011"
				Image texture found, type:  opacityTexture, mapped using: "UVMap"
	WARNING: Error encountered processing image file:  , Error:  [Errno 13] Permission denied: 'F:\\fbx\\titanic\\TITANIC\\TICUPU.JPG'
		processing begun of Standard material:  tiflag1.003
			Diffuse texture found "Diffuse.065"
				Image texture found, type:  diffuseTexture, mapped using: "UVMap"
	WARNING: Error encountered processing image file:  , Error:  [Errno 13] Permission denied: 'F:\\fbx\\titanic\\TITANIC\\TIFLAG3.JPG'
		processing begun of Standard material:  tiflag3.003
			Diffuse texture found "Diffuse.066"
				Image texture found, type:  diffuseTexture, mapped using: "UVMap"
	WARNING: Error encountered processing image file:  , Error:  [Errno 13] Permission denied: 'F:\\fbx\\titanic\\TITANIC\\TIFLAG1.JPG'
		processing begun of Standard material:  tiflag2.003
			Diffuse texture found "Diffuse.067"
				Image texture found, type:  diffuseTexture, mapped using: "UVMap"
	WARNING: Error encountered processing image file:  , Error:  [Errno 13] Permission denied: 'F:\\fbx\\titanic\\TITANIC\\TIFLAG2.JPG'
		processing begun of Standard material:  tifuyel.003
		processing begun of Standard material:  tifublac.003
		processing begun of Standard material:  tipuert.003
		processing begun of Standard material:  timetawh.002
		processing begun of Standard material:  timeta2c.002
		processing begun of Standard material:  timeta1c.002
		processing begun of Standard material:  tiwood1c.002
			Diffuse texture found "Diffuse.034"
				Image texture found, type:  diffuseTexture, mapped using: "UVMap"
	WARNING: Error encountered processing image file:  , Error:  [Errno 13] Permission denied: 'F:\\fbx\\titanic\\TITANIC\\TIWOOD.JPG'
		processing begun of Standard material:  titcrist.002
		processing begun of Standard material:  timetalgr.002
		processing begun of Standard material:  tigraygr.002
		processing begun of Standard material:  tigold.002
		processing begun of Standard material:  tisuelow.002
			Diffuse texture found "Diffuse.035"
				Image texture found, type:  diffuseTexture, mapped using: "UVMap"
	WARNING: Error encountered processing image file:  , Error:  [Errno 13] Permission denied: 'F:\\fbx\\titanic\\TITANIC\\TIWOODS.JPG'
			Bump texture found "Bump.020"
				Image texture found, type:  bumpTexture, mapped using: "UVMap"
	WARNING: Error encountered processing image file:  , Error:  [Errno 13] Permission denied: 'F:\\fbx\\titanic\\TITANIC\\TIBUMP3.JPG'
		processing begun of Standard material:  ticanto.002
		processing begun of Standard material:  titechow.002
			Bump texture found "Bump.021"
				Image texture found, type:  bumpTexture, mapped using: "UVMap"
	WARNING: Error encountered processing image file:  , Error:  [Errno 13] Permission denied: 'F:\\fbx\\titanic\\TITANIC\\TILINE.JPG'
		processing begun of Standard material:  titecant.002
			Diffuse texture found "Diffuse.036"
				Image texture found, type:  diffuseTexture, mapped using: "UVMap"
	WARNING: Error encountered processing image file:  , Error:  [Errno 13] Permission denied: 'F:\\fbx\\titanic\\TITANIC\\TIWOODS.JPG'
		processing begun of Standard material:  titechdo.002
			Bump texture found "Bump.022"
				Image texture found, type:  bumpTexture, mapped using: "UVMap"
	WARNING: Error encountered processing image file:  , Error:  [Errno 13] Permission denied: 'F:\\fbx\\titanic\\TITANIC\\TILINE.JPG'
		processing begun of Standard material:  tisuelup.002
			Diffuse texture found "Diffuse.037"
				Image texture found, type:  diffuseTexture, mapped using: "UVMap"
	WARNING: Error encountered processing image file:  , Error:  [Errno 13] Permission denied: 'F:\\fbx\\titanic\\TITANIC\\TIWOODS.JPG'
			Bump texture found "Bump.023"
				Image texture found, type:  bumpTexture, mapped using: "UVMap"
	WARNING: Error encountered processing image file:  , Error:  [Errno 13] Permission denied: 'F:\\fbx\\titanic\\TITANIC\\TIBUMP3.JPG'
		processing begun of Standard material:  tigrey.002
		processing begun of Standard material:  tiwhite1.002
		processing begun of Standard material:  tibasech.002
		processing begun of Standard material:  tisilver.002
		processing begun of Standard material:  ticrissi.002
		processing begun of Standard material:  timetalR.002
		processing begun of Standard material:  tilight2.002
		processing begun of Standard material:  timetalR1.002
		processing begun of Standard material:  tilight1.002
		processing begun of Standard material:  tilona.002
		processing begun of Standard material:  timetabr.002
		processing begun of Standard material:  timetalbl.002
		processing begun of Standard material:  tiwooddo.002
		processing begun of Standard material:  tiwoodt.002
			Diffuse texture found "Diffuse.038"
				Image texture found, type:  diffuseTexture, mapped using: "UVMap"
	WARNING: Error encountered processing image file:  , Error:  [Errno 13] Permission denied: 'F:\\fbx\\titanic\\TITANIC\\TIWOOD.JPG'
		processing begun of Standard material:  tigoldt.002
		processing begun of Standard material:  tipared.002
		processing begun of Standard material:  timarco.002
			Diffuse texture found "Diffuse.039"
				Image texture found, type:  diffuseTexture, mapped using: "UVMap"
	WARNING: Error encountered processing image file:  , Error:  [Errno 13] Permission denied: 'F:\\fbx\\titanic\\TITANIC\\OAKQRTRT.TGA'
		processing begun of Standard material:  tiside1.002
			Diffuse texture found "Diffuse.040"
				Image texture found, type:  diffuseTexture, mapped using: "UVMap"
	WARNING: Error encountered processing image file:  , Error:  [Errno 13] Permission denied: 'F:\\fbx\\titanic\\TITANIC\\TISIDE1.JPG'
			Bump texture found "Bump.024"
				Image texture found, type:  bumpTexture, mapped using: "UVMap"
	WARNING: Error encountered processing image file:  , Error:  [Errno 13] Permission denied: 'F:\\fbx\\titanic\\TITANIC\\TIBUMP.JPG'
		processing begun of Standard material:  tiside2.002
			Bump texture found "Bump.025"
				Image texture found, type:  bumpTexture, mapped using: "UVMap"
	WARNING: Error encountered processing image file:  , Error:  [Errno 13] Permission denied: 'F:\\fbx\\titanic\\TITANIC\\TIBUMP.JPG'
		processing begun of Standard material:  tiwoodba.002
			Bump texture found "Bump.026"
				Image texture found, type:  bumpTexture, mapped using: "UVMap"
	WARNING: Error encountered processing image file:  , Error:  [Errno 13] Permission denied: 'F:\\fbx\\titanic\\TITANIC\\TILINEBA.JPG'
		processing begun of Standard material:  tiwire.002
		processing begun of Standard material:  tibrown.002
		processing begun of Standard material:  tigreyto.002
		processing begun of Standard material:  tiwhitet.002
		processing begun of Standard material:  tiwootor.002
			Diffuse texture found "Diffuse.041"
				Image texture found, type:  diffuseTexture, mapped using: "UVMap"
	WARNING: Error encountered processing image file:  , Error:  [Errno 13] Permission denied: 'F:\\fbx\\titanic\\TITANIC\\TIWOOD.JPG'
		processing begun of Standard material:  tiparwoo.002
		processing begun of Standard material:  timarco1.002
			Diffuse texture found "Diffuse.042"
				Image texture found, type:  diffuseTexture, mapped using: "UVMap"
	WARNING: Error encountered processing image file:  , Error:  [Errno 13] Permission denied: 'F:\\fbx\\titanic\\TITANIC\\OLDWOOD.JPG'
		processing begun of Standard material:  timetalw.002
		processing begun of Standard material:  tibumpre.002
			Diffuse texture found "Diffuse.043"
				Image texture found, type:  diffuseTexture, mapped using: "UVMap"
	WARNING: Error encountered processing image file:  , Error:  [Errno 13] Permission denied: 'F:\\fbx\\titanic\\TITANIC\\TIBUMP2.JPG'
			Opacity texture found "Opacity.006"
				Image texture found, type:  opacityTexture, mapped using: "UVMap"
	WARNING: Error encountered processing image file:  , Error:  [Errno 13] Permission denied: 'F:\\fbx\\titanic\\TITANIC\\TIBUMP2.JPG'
			Bump texture found "Bump.027"
				Image texture found, type:  bumpTexture, mapped using: "UVMap"
	WARNING: Error encountered processing image file:  , Error:  [Errno 13] Permission denied: 'F:\\fbx\\titanic\\TITANIC\\TIBUMP2.JPG'
		processing begun of Standard material:  tiboatri.002
			Diffuse texture found "Diffuse.044"
				Image texture found, type:  diffuseTexture, mapped using: "UVMap"
	WARNING: Error encountered processing image file:  , Error:  [Errno 13] Permission denied: 'F:\\fbx\\titanic\\TITANIC\\TIBOATBU.JPG'
			Bump texture found "Bump.028"
				Image texture found, type:  bumpTexture, mapped using: "UVMap"
	WARNING: Error encountered processing image file:  , Error:  [Errno 13] Permission denied: 'F:\\fbx\\titanic\\TITANIC\\TIBOATBU.JPG'
		processing begun of Standard material:  tiboatle.002
			Diffuse texture found "Diffuse.045"
				Image texture found, type:  diffuseTexture, mapped using: "UVMap"
	WARNING: Error encountered processing image file:  , Error:  [Errno 13] Permission denied: 'F:\\fbx\\titanic\\TITANIC\\TIBOATBU.JPG'
			Bump texture found "Bump.029"
				Image texture found, type:  bumpTexture, mapped using: "UVMap"
	WARNING: Error encountered processing image file:  , Error:  [Errno 13] Permission denied: 'F:\\fbx\\titanic\\TITANIC\\TIBOATBU.JPG'
		processing begun of Standard material:  timetalc.002
		processing begun of Standard material:  tiwood2.002
			Diffuse texture found "Diffuse.046"
				Image texture found, type:  diffuseTexture, mapped using: "UVMap"
	WARNING: Error encountered processing image file:  , Error:  [Errno 13] Permission denied: 'F:\\fbx\\titanic\\TITANIC\\OAKQRTRT.TGA'
		processing begun of Standard material:  tireji.002
			Opacity texture found "Opacity.007"
				Image texture found, type:  opacityTexture, mapped using: "UVMap"
	WARNING: Error encountered processing image file:  , Error:  [Errno 13] Permission denied: 'F:\\fbx\\titanic\\TITANIC\\TIOPACHA.JPG'
		processing begun of Standard material:  ticompas.002
			Diffuse texture found "Diffuse.047"
				Image texture found, type:  diffuseTexture, mapped using: "UVMap"
	WARNING: Error encountered processing image file:  , Error:  [Errno 13] Permission denied: 'F:\\fbx\\titanic\\TITANIC\\TICOMPAS.JPG'
		processing begun of Standard material:  ticupula.002
			Opacity texture found "Opacity.008"
				Image texture found, type:  opacityTexture, mapped using: "UVMap"
	WARNING: Error encountered processing image file:  , Error:  [Errno 13] Permission denied: 'F:\\fbx\\titanic\\TITANIC\\TICUPU.JPG'
		processing begun of Standard material:  tiflag1.002
			Diffuse texture found "Diffuse.048"
				Image texture found, type:  diffuseTexture, mapped using: "UVMap"
	WARNING: Error encountered processing image file:  , Error:  [Errno 13] Permission denied: 'F:\\fbx\\titanic\\TITANIC\\TIFLAG3.JPG'
		processing begun of Standard material:  tiflag3.002
			Diffuse texture found "Diffuse.049"
				Image texture found, type:  diffuseTexture, mapped using: "UVMap"
	WARNING: Error encountered processing image file:  , Error:  [Errno 13] Permission denied: 'F:\\fbx\\titanic\\TITANIC\\TIFLAG1.JPG'
		processing begun of Standard material:  tiflag2.002
			Diffuse texture found "Diffuse.050"
				Image texture found, type:  diffuseTexture, mapped using: "UVMap"
	WARNING: Error encountered processing image file:  , Error:  [Errno 13] Permission denied: 'F:\\fbx\\titanic\\TITANIC\\TIFLAG2.JPG'
		processing begun of Standard material:  tifuyel.002
		processing begun of Standard material:  tifublac.002
		processing begun of Standard material:  tipuert.002
		processing begun of Standard material:  timetawh.001
		processing begun of Standard material:  timeta2c.001
		processing begun of Standard material:  timeta1c.001
		processing begun of Standard material:  tiwood1c.001
			Diffuse texture found "Diffuse.017"
				Image texture found, type:  diffuseTexture, mapped using: "UVMap"
	WARNING: Error encountered processing image file:  , Error:  [Errno 13] Permission denied: 'F:\\fbx\\titanic\\TITANIC\\TIWOOD.JPG'
		processing begun of Standard material:  titcrist.001
		processing begun of Standard material:  timetalgr.001
		processing begun of Standard material:  tigraygr.001
		processing begun of Standard material:  tigold.001
		processing begun of Standard material:  tisuelow.001
			Diffuse texture found "Diffuse.018"
				Image texture found, type:  diffuseTexture, mapped using: "UVMap"
	WARNING: Error encountered processing image file:  , Error:  [Errno 13] Permission denied: 'F:\\fbx\\titanic\\TITANIC\\TIWOODS.JPG'
			Bump texture found "Bump.010"
				Image texture found, type:  bumpTexture, mapped using: "UVMap"
	WARNING: Error encountered processing image file:  , Error:  [Errno 13] Permission denied: 'F:\\fbx\\titanic\\TITANIC\\TIBUMP3.JPG'
		processing begun of Standard material:  ticanto.001
		processing begun of Standard material:  titechow.001
			Bump texture found "Bump.011"
				Image texture found, type:  bumpTexture, mapped using: "UVMap"
	WARNING: Error encountered processing image file:  , Error:  [Errno 13] Permission denied: 'F:\\fbx\\titanic\\TITANIC\\TILINE.JPG'
		processing begun of Standard material:  titecant.001
			Diffuse texture found "Diffuse.019"
				Image texture found, type:  diffuseTexture, mapped using: "UVMap"
	WARNING: Error encountered processing image file:  , Error:  [Errno 13] Permission denied: 'F:\\fbx\\titanic\\TITANIC\\TIWOODS.JPG'
		processing begun of Standard material:  titechdo.001
			Bump texture found "Bump.012"
				Image texture found, type:  bumpTexture, mapped using: "UVMap"
	WARNING: Error encountered processing image file:  , Error:  [Errno 13] Permission denied: 'F:\\fbx\\titanic\\TITANIC\\TILINE.JPG'
		processing begun of Standard material:  tisuelup.001
			Diffuse texture found "Diffuse.020"
				Image texture found, type:  diffuseTexture, mapped using: "UVMap"
	WARNING: Error encountered processing image file:  , Error:  [Errno 13] Permission denied: 'F:\\fbx\\titanic\\TITANIC\\TIWOODS.JPG'
			Bump texture found "Bump.013"
				Image texture found, type:  bumpTexture, mapped using: "UVMap"
	WARNING: Error encountered processing image file:  , Error:  [Errno 13] Permission denied: 'F:\\fbx\\titanic\\TITANIC\\TIBUMP3.JPG'
		processing begun of Standard material:  tigrey.001
		processing begun of Standard material:  tiwhite1.001
		processing begun of Standard material:  tibasech.001
		processing begun of Standard material:  tisilver.001
		processing begun of Standard material:  ticrissi.001
		processing begun of Standard material:  timetalR.001
		processing begun of Standard material:  tilight2.001
		processing begun of Standard material:  timetalR1.001
		processing begun of Standard material:  tilight1.001
		processing begun of Standard material:  tilona.001
		processing begun of Standard material:  timetabr.001
		processing begun of Standard material:  timetalbl.001
		processing begun of Standard material:  tiwooddo.001
		processing begun of Standard material:  tiwoodt.001
			Diffuse texture found "Diffuse.021"
				Image texture found, type:  diffuseTexture, mapped using: "UVMap"
	WARNING: Error encountered processing image file:  , Error:  [Errno 13] Permission denied: 'F:\\fbx\\titanic\\TITANIC\\TIWOOD.JPG'
		processing begun of Standard material:  tigoldt.001
		processing begun of Standard material:  tipared.001
		processing begun of Standard material:  timarco.001
			Diffuse texture found "Diffuse.022"
				Image texture found, type:  diffuseTexture, mapped using: "UVMap"
	WARNING: Error encountered processing image file:  , Error:  [Errno 13] Permission denied: 'F:\\fbx\\titanic\\TITANIC\\OAKQRTRT.TGA'
		processing begun of Standard material:  tiside1.001
			Diffuse texture found "Diffuse.023"
				Image texture found, type:  diffuseTexture, mapped using: "UVMap"
	WARNING: Error encountered processing image file:  , Error:  [Errno 13] Permission denied: 'F:\\fbx\\titanic\\TITANIC\\TISIDE1.JPG'
			Bump texture found "Bump.014"
				Image texture found, type:  bumpTexture, mapped using: "UVMap"
	WARNING: Error encountered processing image file:  , Error:  [Errno 13] Permission denied: 'F:\\fbx\\titanic\\TITANIC\\TIBUMP.JPG'
		processing begun of Standard material:  tiside2.001
			Bump texture found "Bump.015"
				Image texture found, type:  bumpTexture, mapped using: "UVMap"
	WARNING: Error encountered processing image file:  , Error:  [Errno 13] Permission denied: 'F:\\fbx\\titanic\\TITANIC\\TIBUMP.JPG'
		processing begun of Standard material:  tiwoodba.001
			Bump texture found "Bump.016"
				Image texture found, type:  bumpTexture, mapped using: "UVMap"
	WARNING: Error encountered processing image file:  , Error:  [Errno 13] Permission denied: 'F:\\fbx\\titanic\\TITANIC\\TILINEBA.JPG'
		processing begun of Standard material:  tiwire.001
		processing begun of Standard material:  tibrown.001
		processing begun of Standard material:  tigreyto.001
		processing begun of Standard material:  tiwhitet.001
		processing begun of Standard material:  tiwootor.001
			Diffuse texture found "Diffuse.024"
				Image texture found, type:  diffuseTexture, mapped using: "UVMap"
	WARNING: Error encountered processing image file:  , Error:  [Errno 13] Permission denied: 'F:\\fbx\\titanic\\TITANIC\\TIWOOD.JPG'
		processing begun of Standard material:  tiparwoo.001
		processing begun of Standard material:  timarco1.001
			Diffuse texture found "Diffuse.025"
				Image texture found, type:  diffuseTexture, mapped using: "UVMap"
	WARNING: Error encountered processing image file:  , Error:  [Errno 13] Permission denied: 'F:\\fbx\\titanic\\TITANIC\\OLDWOOD.JPG'
		processing begun of Standard material:  timetalw.001
		processing begun of Standard material:  tibumpre.001
			Diffuse texture found "Diffuse.026"
				Image texture found, type:  diffuseTexture, mapped using: "UVMap"
	WARNING: Error encountered processing image file:  , Error:  [Errno 13] Permission denied: 'F:\\fbx\\titanic\\TITANIC\\TIBUMP2.JPG'
			Opacity texture found "Opacity.003"
				Image texture found, type:  opacityTexture, mapped using: "UVMap"
	WARNING: Error encountered processing image file:  , Error:  [Errno 13] Permission denied: 'F:\\fbx\\titanic\\TITANIC\\TIBUMP2.JPG'
			Bump texture found "Bump.017"
				Image texture found, type:  bumpTexture, mapped using: "UVMap"
	WARNING: Error encountered processing image file:  , Error:  [Errno 13] Permission denied: 'F:\\fbx\\titanic\\TITANIC\\TIBUMP2.JPG'
		processing begun of Standard material:  tiboatri.001
			Diffuse texture found "Diffuse.027"
				Image texture found, type:  diffuseTexture, mapped using: "UVMap"
	WARNING: Error encountered processing image file:  , Error:  [Errno 13] Permission denied: 'F:\\fbx\\titanic\\TITANIC\\TIBOATBU.JPG'
			Bump texture found "Bump.018"
				Image texture found, type:  bumpTexture, mapped using: "UVMap"
	WARNING: Error encountered processing image file:  , Error:  [Errno 13] Permission denied: 'F:\\fbx\\titanic\\TITANIC\\TIBOATBU.JPG'
		processing begun of Standard material:  tiboatle.001
			Diffuse texture found "Diffuse.028"
				Image texture found, type:  diffuseTexture, mapped using: "UVMap"
	WARNING: Error encountered processing image file:  , Error:  [Errno 13] Permission denied: 'F:\\fbx\\titanic\\TITANIC\\TIBOATBU.JPG'
			Bump texture found "Bump.019"
				Image texture found, type:  bumpTexture, mapped using: "UVMap"
	WARNING: Error encountered processing image file:  , Error:  [Errno 13] Permission denied: 'F:\\fbx\\titanic\\TITANIC\\TIBOATBU.JPG'
		processing begun of Standard material:  timetalc.001
		processing begun of Standard material:  tiwood2.001
			Diffuse texture found "Diffuse.029"
				Image texture found, type:  diffuseTexture, mapped using: "UVMap"
	WARNING: Error encountered processing image file:  , Error:  [Errno 13] Permission denied: 'F:\\fbx\\titanic\\TITANIC\\OAKQRTRT.TGA'
		processing begun of Standard material:  tireji.001
			Opacity texture found "Opacity.004"
				Image texture found, type:  opacityTexture, mapped using: "UVMap"
	WARNING: Error encountered processing image file:  , Error:  [Errno 13] Permission denied: 'F:\\fbx\\titanic\\TITANIC\\TIOPACHA.JPG'
		processing begun of Standard material:  ticompas.001
			Diffuse texture found "Diffuse.030"
				Image texture found, type:  diffuseTexture, mapped using: "UVMap"
	WARNING: Error encountered processing image file:  , Error:  [Errno 13] Permission denied: 'F:\\fbx\\titanic\\TITANIC\\TICOMPAS.JPG'
		processing begun of Standard material:  ticupula.001
			Opacity texture found "Opacity.005"
				Image texture found, type:  opacityTexture, mapped using: "UVMap"
	WARNING: Error encountered processing image file:  , Error:  [Errno 13] Permission denied: 'F:\\fbx\\titanic\\TITANIC\\TICUPU.JPG'
		processing begun of Standard material:  tiflag1.001
			Diffuse texture found "Diffuse.031"
				Image texture found, type:  diffuseTexture, mapped using: "UVMap"
	WARNING: Error encountered processing image file:  , Error:  [Errno 13] Permission denied: 'F:\\fbx\\titanic\\TITANIC\\TIFLAG3.JPG'
		processing begun of Standard material:  tiflag3.001
			Diffuse texture found "Diffuse.032"
				Image texture found, type:  diffuseTexture, mapped using: "UVMap"
	WARNING: Error encountered processing image file:  , Error:  [Errno 13] Permission denied: 'F:\\fbx\\titanic\\TITANIC\\TIFLAG1.JPG'
		processing begun of Standard material:  tiflag2.001
			Diffuse texture found "Diffuse.033"
				Image texture found, type:  diffuseTexture, mapped using: "UVMap"
	WARNING: Error encountered processing image file:  , Error:  [Errno 13] Permission denied: 'F:\\fbx\\titanic\\TITANIC\\TIFLAG2.JPG'
		processing begun of Standard material:  tifuyel.001
		processing begun of Standard material:  tifublac.001
		processing begun of Standard material:  tipuert.001
		processing begun of Standard material:  tifublac.004
		processing begun of Standard material:  tifuyel.004
		processing begun of multimaterial:  ti.Multimaterial#0
		num positions      :  26551
		num normals        :  26551
		num uvs            :  53102
		num uvs2           :  53102
		num colors         :  0
		num indices        :  106212
		WARNING: # of 0 area faces found:  40
	processing begun of light (POINT):  Point.011
	processing begun of light (POINT):  Point.010
	processing begun of light (POINT):  Point.009
	processing begun of light (POINT):  Point.008
	processing begun of light (POINT):  Point.007
	processing begun of light (POINT):  Point.006
	processing begun of light (POINT):  Point
	processing begun of light (POINT):  Point.001
	processing begun of light (POINT):  Point.002
	processing begun of light (POINT):  Point.003
	processing begun of light (POINT):  Point.004
	processing begun of light (POINT):  Point.005
========= Writing of scene file started =========
========= Writing of scene file completed =========
========= end of processing =========
elapsed time:  0 min, 5.8014 secs
